Library/Bee/Android/Prj/IL2CPP/Gradle/launcher/build/intermediates/manifest_merge_blame_file/release/manifest-merger-blame-release-report.txt
1<?xml version="1.0" encoding="utf-8"?>
2<manifest xmlns:android="http://schemas.android.com/apk/res/android"
3    package="com.vuforia.engine.VuforiaEngine"
4    android:installLocation="preferExternal"
5    android:versionCode="10193"
6    android:versionName="10.19.3" >
7
8    <uses-sdk
9        android:minSdkVersion="26"
9-->src\main\AndroidManifest.xml
10        android:targetSdkVersion="33" />
10-->src\main\AndroidManifest.xml
11
12    <supports-screens
12-->src\main\AndroidManifest.xml:4:3-163
13        android:anyDensity="true"
13-->src\main\AndroidManifest.xml:4:135-160
14        android:largeScreens="true"
14-->src\main\AndroidManifest.xml:4:78-105
15        android:normalScreens="true"
15-->src\main\AndroidManifest.xml:4:49-77
16        android:smallScreens="true"
16-->src\main\AndroidManifest.xml:4:21-48
17        android:xlargeScreens="true" />
17-->src\main\AndroidManifest.xml:4:106-134
18
19    <uses-permission android:name="android.permission.INTERNET" />
19-->[:unityLibrary] AndroidManifest.xml:10:5-67
19-->[:unityLibrary] AndroidManifest.xml:10:22-64
20    <uses-permission android:name="android.permission.ACCESS_NETWORK_STATE" />
20-->[:unityLibrary] AndroidManifest.xml:11:5-79
20-->[:unityLibrary] AndroidManifest.xml:11:22-76
21    <uses-permission android:name="android.permission.CAMERA" />
21-->[:unityLibrary] AndroidManifest.xml:12:5-65
21-->[:unityLibrary] AndroidManifest.xml:12:22-62
22
23    <uses-feature android:glEsVersion="0x00030000" />
23-->[:unityLibrary] AndroidManifest.xml:14:5-54
23-->[:unityLibrary] AndroidManifest.xml:14:19-51
24    <uses-feature
24-->[:unityLibrary] AndroidManifest.xml:15:5-17:36
25        android:name="android.hardware.camera"
25-->[:unityLibrary] AndroidManifest.xml:16:9-47
26        android:required="true" />
26-->[:unityLibrary] AndroidManifest.xml:17:9-33
27    <uses-feature
27-->[:unityLibrary] AndroidManifest.xml:18:5-20:36
28        android:name="android.hardware.camera.autofocus"
28-->[:unityLibrary] AndroidManifest.xml:19:9-57
29        android:required="false" />
29-->[:unityLibrary] AndroidManifest.xml:20:9-33
30    <uses-feature
30-->[:unityLibrary] AndroidManifest.xml:21:5-23:36
31        android:name="android.hardware.camera.front"
31-->[:unityLibrary] AndroidManifest.xml:22:9-53
32        android:required="false" />
32-->[:unityLibrary] AndroidManifest.xml:23:9-33
33    <uses-feature
33-->[:unityLibrary] AndroidManifest.xml:24:5-26:36
34        android:name="android.hardware.touchscreen"
34-->[:unityLibrary] AndroidManifest.xml:25:9-52
35        android:required="false" />
35-->[:unityLibrary] AndroidManifest.xml:26:9-33
36    <uses-feature
36-->[:unityLibrary] AndroidManifest.xml:27:5-29:36
37        android:name="android.hardware.touchscreen.multitouch"
37-->[:unityLibrary] AndroidManifest.xml:28:9-63
38        android:required="false" />
38-->[:unityLibrary] AndroidManifest.xml:29:9-33
39    <uses-feature
39-->[:unityLibrary] AndroidManifest.xml:30:5-32:36
40        android:name="android.hardware.touchscreen.multitouch.distinct"
40-->[:unityLibrary] AndroidManifest.xml:31:9-72
41        android:required="false" />
41-->[:unityLibrary] AndroidManifest.xml:32:9-33
42    <uses-feature
42-->[:unityLibrary] AndroidManifest.xml:33:5-35:35
43        android:name="android.hardware.camera.ar"
43-->[:unityLibrary] AndroidManifest.xml:34:9-50
44        android:required="true" />
44-->[:unityLibrary] AndroidManifest.xml:35:9-32
45    <uses-feature
45-->[:unityLibrary] AndroidManifest.xml:36:5-38:35
46        android:name="com.google.ar.core.depth"
46-->[:unityLibrary] AndroidManifest.xml:37:9-48
47        android:required="true" />
47-->[:unityLibrary] AndroidManifest.xml:38:9-32
48
49    <queries>
49-->[:arcore_client:] AndroidManifest.xml:29:5-31:15
50        <package android:name="com.google.ar.core" />
50-->[:arcore_client:] AndroidManifest.xml:30:9-54
50-->[:arcore_client:] AndroidManifest.xml:30:18-51
51    </queries>
52
53    <uses-permission android:name="com.google.android.gms.permission.AD_ID" />
53-->[:UnityAds:] AndroidManifest.xml:11:5-79
53-->[:UnityAds:] AndroidManifest.xml:11:22-76
54    <!--
55        Required by Vuforia: Add this permission to access IMU sensors at high rate
56        for device tracker functionality on Android 12+.
57    -->
58    <uses-permission android:name="android.permission.HIGH_SAMPLING_RATE_SENSORS" />
58-->[:VuforiaEngine:] AndroidManifest.xml:16:5-85
58-->[:VuforiaEngine:] AndroidManifest.xml:16:22-82
59
60    <application
60-->src\main\AndroidManifest.xml:3:3-126
61        android:extractNativeLibs="true"
61-->[:unityLibrary] AndroidManifest.xml:40:18-50
62        android:icon="@mipmap/app_icon"
62-->src\main\AndroidManifest.xml:3:16-47
63        android:label="@string/app_name"
63-->src\main\AndroidManifest.xml:3:48-80
64        android:roundIcon="@mipmap/app_icon_round" >
64-->src\main\AndroidManifest.xml:3:81-123
65        <meta-data
65-->[:unityLibrary] AndroidManifest.xml:41:9-43:33
66            android:name="unity.splash-mode"
66-->[:unityLibrary] AndroidManifest.xml:42:13-45
67            android:value="0" />
67-->[:unityLibrary] AndroidManifest.xml:43:13-30
68        <meta-data
68-->[:unityLibrary] AndroidManifest.xml:44:9-46:36
69            android:name="unity.splash-enable"
69-->[:unityLibrary] AndroidManifest.xml:45:13-47
70            android:value="True" />
70-->[:unityLibrary] AndroidManifest.xml:46:13-33
71        <meta-data
71-->[:unityLibrary] AndroidManifest.xml:47:9-49:36
72            android:name="unity.launch-fullscreen"
72-->[:unityLibrary] AndroidManifest.xml:48:13-51
73            android:value="True" />
73-->[:unityLibrary] AndroidManifest.xml:49:13-33
74        <meta-data
74-->[:unityLibrary] AndroidManifest.xml:50:9-52:37
75            android:name="unity.allow-resizable-window"
75-->[:unityLibrary] AndroidManifest.xml:51:13-56
76            android:value="False" />
76-->[:unityLibrary] AndroidManifest.xml:52:13-34
77        <meta-data
77-->[:unityLibrary] AndroidManifest.xml:53:9-55:50
78            android:name="notch.config"
78-->[:unityLibrary] AndroidManifest.xml:54:13-40
79            android:value="portrait|landscape" />
79-->[:unityLibrary] AndroidManifest.xml:55:13-47
80        <meta-data
80-->[:unityLibrary] AndroidManifest.xml:56:9-58:36
81            android:name="unity.auto-report-fully-drawn"
81-->[:unityLibrary] AndroidManifest.xml:57:13-57
82            android:value="true" />
82-->[:unityLibrary] AndroidManifest.xml:58:13-33
83        <meta-data
83-->[:unityLibrary] AndroidManifest.xml:59:9-61:36
84            android:name="unity.strip-engine-code"
84-->[:unityLibrary] AndroidManifest.xml:60:13-51
85            android:value="true" />
85-->[:unityLibrary] AndroidManifest.xml:61:13-33
86
87        <activity
87-->[:unityLibrary] AndroidManifest.xml:63:9-85:20
88            android:name="com.unity3d.player.UnityPlayerActivity"
88-->[:unityLibrary] AndroidManifest.xml:64:13-66
89            android:configChanges="mcc|mnc|locale|touchscreen|keyboard|keyboardHidden|navigation|orientation|screenLayout|uiMode|screenSize|smallestScreenSize|fontScale|layoutDirection|density"
89-->[:unityLibrary] AndroidManifest.xml:65:13-194
90            android:enabled="true"
90-->[:unityLibrary] AndroidManifest.xml:66:13-35
91            android:exported="true"
91-->[:unityLibrary] AndroidManifest.xml:67:13-36
92            android:hardwareAccelerated="false"
92-->[:unityLibrary] AndroidManifest.xml:68:13-48
93            android:launchMode="singleTask"
93-->[:unityLibrary] AndroidManifest.xml:69:13-44
94            android:resizeableActivity="false"
94-->[:unityLibrary] AndroidManifest.xml:70:13-47
95            android:screenOrientation="portrait"
95-->[:unityLibrary] AndroidManifest.xml:71:13-49
96            android:theme="@style/UnityThemeSelector" >
96-->[:unityLibrary] AndroidManifest.xml:72:13-54
97            <intent-filter>
97-->[:unityLibrary] AndroidManifest.xml:73:13-77:29
98                <category android:name="android.intent.category.LAUNCHER" />
98-->[:unityLibrary] AndroidManifest.xml:74:17-77
98-->[:unityLibrary] AndroidManifest.xml:74:27-74
99
100                <action android:name="android.intent.action.MAIN" />
100-->[:unityLibrary] AndroidManifest.xml:76:17-69
100-->[:unityLibrary] AndroidManifest.xml:76:25-66
101            </intent-filter>
102
103            <meta-data
103-->[:unityLibrary] AndroidManifest.xml:79:13-81:40
104                android:name="unityplayer.UnityActivity"
104-->[:unityLibrary] AndroidManifest.xml:80:17-57
105                android:value="true" />
105-->[:unityLibrary] AndroidManifest.xml:81:17-37
106            <meta-data
106-->[:unityLibrary] AndroidManifest.xml:82:13-84:40
107                android:name="notch_support"
107-->[:unityLibrary] AndroidManifest.xml:83:17-45
108                android:value="true" />
108-->[:unityLibrary] AndroidManifest.xml:84:17-37
109        </activity>
110
111        <meta-data
111-->[:unityLibrary] AndroidManifest.xml:87:9-89:36
112            android:name="unityplayer.SkipPermissionsDialog"
112-->[:unityLibrary] AndroidManifest.xml:88:13-61
113            android:value="true" />
113-->[:unityLibrary] AndroidManifest.xml:89:13-33
114        <meta-data
114-->[:unityLibrary] AndroidManifest.xml:90:9-92:40
115            android:name="com.google.ar.core"
115-->[:unityLibrary] AndroidManifest.xml:91:13-46
116            android:value="required" /> <!-- The minimal version code of ARCore APK required for an app using this SDK. -->
116-->[:unityLibrary] AndroidManifest.xml:92:13-37
117        <meta-data
117-->[:arcore_client:] AndroidManifest.xml:36:9-38:41
118            android:name="com.google.ar.core.min_apk_version"
118-->[:arcore_client:] AndroidManifest.xml:37:13-62
119            android:value="220920000" /> <!-- This activity is critical for installing ARCore when it is not already present. -->
119-->[:arcore_client:] AndroidManifest.xml:38:13-38
120        <activity
120-->[:arcore_client:] AndroidManifest.xml:40:9-46:80
121            android:name="com.google.ar.core.InstallActivity"
121-->[:arcore_client:] AndroidManifest.xml:41:13-62
122            android:configChanges="keyboardHidden|orientation|screenSize"
122-->[:arcore_client:] AndroidManifest.xml:42:13-74
123            android:excludeFromRecents="true"
123-->[:arcore_client:] AndroidManifest.xml:43:13-46
124            android:exported="false"
124-->[:arcore_client:] AndroidManifest.xml:44:13-37
125            android:launchMode="singleTop"
125-->[:arcore_client:] AndroidManifest.xml:45:13-43
126            android:theme="@android:style/Theme.Material.Light.Dialog.Alert" />
126-->[:arcore_client:] AndroidManifest.xml:46:13-77
127        <activity
127-->[:UnityAds:] AndroidManifest.xml:14:9-18:74
128            android:name="com.unity3d.services.ads.adunit.AdUnitActivity"
128-->[:UnityAds:] AndroidManifest.xml:15:13-74
129            android:configChanges="fontScale|keyboard|keyboardHidden|locale|mnc|mcc|navigation|orientation|screenLayout|screenSize|smallestScreenSize|uiMode|touchscreen"
129-->[:UnityAds:] AndroidManifest.xml:16:13-170
130            android:hardwareAccelerated="true"
130-->[:UnityAds:] AndroidManifest.xml:17:13-47
131            android:theme="@android:style/Theme.NoTitleBar.Fullscreen" />
131-->[:UnityAds:] AndroidManifest.xml:18:13-71
132        <activity
132-->[:UnityAds:] AndroidManifest.xml:19:9-23:86
133            android:name="com.unity3d.services.ads.adunit.AdUnitTransparentActivity"
133-->[:UnityAds:] AndroidManifest.xml:20:13-85
134            android:configChanges="fontScale|keyboard|keyboardHidden|locale|mnc|mcc|navigation|orientation|screenLayout|screenSize|smallestScreenSize|uiMode|touchscreen"
134-->[:UnityAds:] AndroidManifest.xml:21:13-170
135            android:hardwareAccelerated="true"
135-->[:UnityAds:] AndroidManifest.xml:22:13-47
136            android:theme="@android:style/Theme.Translucent.NoTitleBar.Fullscreen" />
136-->[:UnityAds:] AndroidManifest.xml:23:13-83
137        <activity
137-->[:UnityAds:] AndroidManifest.xml:24:9-28:86
138            android:name="com.unity3d.services.ads.adunit.AdUnitTransparentSoftwareActivity"
138-->[:UnityAds:] AndroidManifest.xml:25:13-93
139            android:configChanges="fontScale|keyboard|keyboardHidden|locale|mnc|mcc|navigation|orientation|screenLayout|screenSize|smallestScreenSize|uiMode|touchscreen"
139-->[:UnityAds:] AndroidManifest.xml:26:13-170
140            android:hardwareAccelerated="false"
140-->[:UnityAds:] AndroidManifest.xml:27:13-48
141            android:theme="@android:style/Theme.Translucent.NoTitleBar.Fullscreen" />
141-->[:UnityAds:] AndroidManifest.xml:28:13-83
142        <activity
142-->[:UnityAds:] AndroidManifest.xml:29:9-33:74
143            android:name="com.unity3d.services.ads.adunit.AdUnitSoftwareActivity"
143-->[:UnityAds:] AndroidManifest.xml:30:13-82
144            android:configChanges="fontScale|keyboard|keyboardHidden|locale|mnc|mcc|navigation|orientation|screenLayout|screenSize|smallestScreenSize|uiMode|touchscreen"
144-->[:UnityAds:] AndroidManifest.xml:31:13-170
145            android:hardwareAccelerated="false"
145-->[:UnityAds:] AndroidManifest.xml:32:13-48
146            android:theme="@android:style/Theme.NoTitleBar.Fullscreen" />
146-->[:UnityAds:] AndroidManifest.xml:33:13-71
147
148        <provider
148-->[:VuforiaEngine:] AndroidManifest.xml:25:9-33:20
149            android:name="com.vuforia.engine.app.VuforiaContentProvider"
149-->[:VuforiaEngine:] AndroidManifest.xml:26:13-73
150            android:authorities="com.vuforia.engine.VuforiaEngine.vuforia.share"
150-->[:VuforiaEngine:] AndroidManifest.xml:27:13-65
151            android:exported="false"
151-->[:VuforiaEngine:] AndroidManifest.xml:28:13-37
152            android:grantUriPermissions="true" >
152-->[:VuforiaEngine:] AndroidManifest.xml:29:13-47
153            <meta-data
153-->[:VuforiaEngine:] AndroidManifest.xml:30:13-32:53
154                android:name="android.support.FILE_PROVIDER_PATHS"
154-->[:VuforiaEngine:] AndroidManifest.xml:31:17-67
155                android:resource="@xml/filepaths" />
155-->[:VuforiaEngine:] AndroidManifest.xml:32:17-50
156        </provider>
157    </application>
158
159</manifest>